I0914 09:48:22.638146 56623 shape.cc:40] shape_processor: Release+BackSpace
I0914 09:48:23.417070 56623 engine.cc:99] process key: s
I0914 09:48:23.417101 56623 recognizer.cc:45] matching active input 's' at pos 0
I0914 09:48:23.417124 56623 speller.cc:120] add to input: 's', s
I0914 09:48:23.417137 56623 engine.cc:150] active input: s
I0914 09:48:23.417143 56623 segmentation.cc:60] reset to 0 segments.
I0914 09:48:23.417150 56623 segmentation.cc:67] diff pos: 0
I0914 09:48:23.417155 56623 engine.cc:166] start pos: 0
I0914 09:48:23.417161 56623 engine.cc:167] end pos: 0
I0914 09:48:23.417168 56623 recognizer.cc:45] matching active input 's' at pos 0
I0914 09:48:23.417181 56623 abc_segmentor.cc:41] abc_segmentor: s
I0914 09:48:23.417208 56623 abc_segmentor.cc:59] [0, 1)
I0914 09:48:23.417222 56623 fallback_segmentor.cc:19] current segment length: 1
I0914 09:48:23.417229 56623 engine.cc:173] segmentation: [s|0,1{abc}]
I0914 09:48:23.417237 56623 engine.cc:199] translating segment: s
I0914 09:48:23.417243 56623 table_translator.cc:243] input = 's', [0, 1)
I0914 09:48:23.417253 56623 table_translator.cc:181] fetching more table entries: limit = 10, count = 0
I0914 09:48:23.417260 56623 dictionary.cc:197] lookup: s
I0914 09:48:23.417271 56623 dictionary.cc:210] found 10 matching keys thru the prism.
I0914 09:48:23.417280 56623 dictionary.cc:227] remaining code:
I0914 09:48:23.417294 56623 dictionary.cc:227] remaining code: a
I0914 09:48:23.417300 56623 dictionary.cc:227] remaining code: b
I0914 09:48:23.417309 56623 dictionary.cc:227] remaining code: c
I0914 09:48:23.417316 56623 dictionary.cc:227] remaining code: e
I0914 09:48:23.417325 56623 dictionary.cc:227] remaining code: f
I0914 09:48:23.417331 56623 dictionary.cc:227] remaining code: h
I0914 09:48:23.417338 56623 dictionary.cc:227] remaining code: i
I0914 09:48:23.417346 56623 dictionary.cc:227] remaining code: j
I0914 09:48:23.417352 56623 dictionary.cc:227] remaining code: k
I0914 09:48:23.417361 56623 menu.cc:22] 1 translations added.
I0914 09:48:23.417368 56623 table_translator.cc:243] input = 's', [0, 1)
I0914 09:48:23.417405 56623 user_dictionary.cc:317] key : s     说, value: c=45 d=9.03249 t=4393
I0914 09:48:23.417433 56623 user_dictionary.cc:492] text = '说', code_len = 0, weight = -2.82312, commit_count = 45, present_tick = 4399
I0914 09:48:23.417450 56623 user_dictionary.cc:317] key : sb    讲, value: c=2 d=1.10589 t=4393
I0914 09:48:23.417459 56623 user_dictionary.cc:345] resume key reset to: s      说
I0914 09:48:23.417469 56623 table_translator.cc:181] fetching more table entries: limit = 10, count = 0
I0914 09:48:23.417475 56623 dictionary.cc:197] lookup: s
I0914 09:48:23.417484 56623 dictionary.cc:210] found 10 matching keys thru the prism.
I0914 09:48:23.417491 56623 dictionary.cc:227] remaining code:
I0914 09:48:23.417500 56623 dictionary.cc:227] remaining code: a
I0914 09:48:23.417506 56623 dictionary.cc:227] remaining code: b
I0914 09:48:23.417513 56623 dictionary.cc:227] remaining code: c
I0914 09:48:23.417520 56623 dictionary.cc:227] remaining code: e
I0914 09:48:23.417527 56623 dictionary.cc:227] remaining code: f
I0914 09:48:23.417534 56623 dictionary.cc:227] remaining code: h
I0914 09:48:23.417541 56623 dictionary.cc:227] remaining code: i
I0914 09:48:23.417548 56623 dictionary.cc:227] remaining code: j
I0914 09:48:23.417556 56623 dictionary.cc:227] remaining code: k
I0914 09:48:23.417563 56623 dictionary.cc:85] creating temporary dict entry '说'.
I0914 09:48:23.417573 56623 dictionary.cc:85] creating temporary dict entry '说'.
I0914 09:48:23.417582 56623 menu.cc:22] 2 translations added.
I0914 09:48:23.417588 56623 table_translator.cc:243] input = 's', [0, 1)
I0914 09:48:23.417595 56623 table_translator.cc:181] fetching more table entries: limit = 10, count = 0
I0914 09:48:23.417600 56623 dictionary.cc:197] lookup: s
I0914 09:48:23.417682 56623 dictionary.cc:210] found 10 matching keys thru the prism.
I0914 09:48:23.417692 56623 dictionary.cc:227] remaining code: d
I0914 09:48:23.417699 56623 dictionary.cc:227] remaining code: g
I0914 09:48:23.417706 56623 dictionary.cc:227] remaining code: t
I0914 09:48:23.417713 56623 dictionary.cc:227] remaining code: bt
I0914 09:48:23.417721 56623 dictionary.cc:227] remaining code: qa
I0914 09:48:23.417728 56623 dictionary.cc:227] remaining code: wn
I0914 09:48:23.417735 56623 dictionary.cc:227] remaining code: wo
I0914 09:48:23.417743 56623 dictionary.cc:227] remaining code: aad
I0914 09:48:23.417750 56623 dictionary.cc:227] remaining code: aah
I0914 09:48:23.417758 56623 dictionary.cc:227] remaining code: aai
I0914 09:48:23.417765 56623 menu.cc:22] 3 translations added.
I0914 09:48:23.417770 56623 table_translator.cc:243] input = 's', [0, 1)
I0914 09:48:23.417790 56623 user_dictionary.cc:317] key : s     说, value: c=45 d=9.03249 t=4393
I0914 09:48:23.417817 56623 user_dictionary.cc:492] text = '说', code_len = 0, weight = -2.82312, commit_count = 45, present_tick = 4399
I0914 09:48:23.417829 56623 user_dictionary.cc:317] key : sb    讲, value: c=2 d=1.10589 t=4393
I0914 09:48:23.417835 56623 user_dictionary.cc:345] resume key reset to: s      说
I0914 09:48:23.417879 56623 user_dictionary.cc:317] key : encsaaw       离开一家, value: c=0 d=0.00357931 t=4393
I0914 09:48:23.417888 56623 table_translator.cc:181] fetching more table entries: limit = 10, count = 0
I0914 09:48:23.417894 56623 dictionary.cc:197] lookup: s
I0914 09:48:23.417902 56623 dictionary.cc:210] found 10 matching keys thru the prism.
I0914 09:48:23.417909 56623 dictionary.cc:227] remaining code:
I0914 09:48:23.417917 56623 dictionary.cc:227] remaining code: a
I0914 09:48:23.417923 56623 dictionary.cc:227] remaining code: b
I0914 09:48:23.417930 56623 dictionary.cc:227] remaining code: c
I0914 09:48:23.417937 56623 dictionary.cc:227] remaining code: e
I0914 09:48:23.417944 56623 dictionary.cc:227] remaining code: f
I0914 09:48:23.417951 56623 dictionary.cc:227] remaining code: h
I0914 09:48:23.417958 56623 dictionary.cc:227] remaining code: i
I0914 09:48:23.417964 56623 dictionary.cc:227] remaining code: j
I0914 09:48:23.417971 56623 dictionary.cc:227] remaining code: k
I0914 09:48:23.417979 56623 menu.cc:22] 4 translations added.
I0914 09:48:23.418011 56623 menu.cc:30] preparing 1 candidates.
I0914 09:48:23.418020 56623 dictionary.cc:85] creating temporary dict entry '言'.
I0914 09:48:23.418005 56623 engine.cc:159] composition: {abc}s=>说
I0914 09:48:23.418057 56623 menu.cc:30] preparing 5 candidates.
I0914 09:48:23.418066 56623 dictionary.cc:85] creating temporary dict entry '讲'.
I0914 09:48:23.418079 56623 dictionary.cc:85] creating temporary dict entry '主'.
I0914 09:48:23.418092 56623 dictionary.cc:85] creating temporary dict entry '辛'.
I0914 09:48:23.418103 56623 dictionary.cc:85] creating temporary dict entry '新'.
I0914 09:48:23.418118 56623 config_component.cc:104] read: menu/alternative_select_labels
I0914 09:48:23.418125 56623 config_data.cc:223] traverse: menu/alternative_select_labels
I0914 09:48:23.514228 56623 engine.cc:99] process key: Release+s
I0914 09:48:23.514274 56623 shape.cc:40] shape_processor: Release+s
I0914 09:48:23.514324 56623 config_component.cc:104] read: menu/alternative_select_labels
I0914 09:48:23.514334 56623 config_data.cc:223] traverse: menu/alternative_select_labels
I0914 09:48:23.627444 56623 engine.cc:99] process key: c
I0914 09:48:23.627485 56623 recognizer.cc:45] matching active input 'sc' at pos 0
I0914 09:48:23.627516 56623 speller.cc:120] add to input: 'c', c
I0914 09:48:23.627533 56623 engine.cc:150] active input: sc
I0914 09:48:23.627542 56623 segmentation.cc:60] reset to 1 segments.
I0914 09:48:23.627549 56623 segmentation.cc:67] diff pos: 1
I0914 09:48:23.627557 56623 engine.cc:166] start pos: 0
I0914 09:48:23.627564 56623 engine.cc:167] end pos: 1
I0914 09:48:23.627573 56623 recognizer.cc:45] matching active input 'sc' at pos 0
I0914 09:48:23.627589 56623 abc_segmentor.cc:41] abc_segmentor: sc
I0914 09:48:23.627599 56623 abc_segmentor.cc:59] [0, 2)
I0914 09:48:23.627645 56623 fallback_segmentor.cc:19] current segment length: 2
I0914 09:48:23.627653 56623 engine.cc:173] segmentation: [sc|0,2{abc}]
I0914 09:48:23.627663 56623 engine.cc:199] translating segment: sc
I0914 09:48:23.627673 56623 table_translator.cc:243] input = 'sc', [0, 2)
I0914 09:48:23.627686 56623 table_translator.cc:181] fetching more table entries: limit = 10, count = 0
I0914 09:48:23.627694 56623 dictionary.cc:197] lookup: sc
I0914 09:48:23.627712 56623 dictionary.cc:210] found 10 matching keys thru the prism.
I0914 09:48:23.627723 56623 dictionary.cc:227] remaining code:
I0914 09:48:23.627740 56623 dictionary.cc:227] remaining code: e
I0914 09:48:23.627750 56623 dictionary.cc:227] remaining code: f
I0914 09:48:23.627758 56623 dictionary.cc:227] remaining code: h
I0914 09:48:23.627768 56623 dictionary.cc:227] remaining code: i
I0914 09:48:23.627810 56623 dictionary.cc:227] remaining code: k
I0914 09:48:23.627820 56623 dictionary.cc:227] remaining code: q
I0914 09:48:23.627827 56623 dictionary.cc:227] remaining code: u
I0914 09:48:23.627835 56623 dictionary.cc:227] remaining code: v
I0914 09:48:23.627846 56623 dictionary.cc:227] remaining code: w
I0914 09:48:23.627856 56623 menu.cc:22] 1 translations added.
I0914 09:48:23.627864 56623 table_translator.cc:243] input = 'sc', [0, 2)
I0914 09:48:23.627913 56623 user_dictionary.cc:317] key : scq   请, value: c=14 d=3.7707 t=4393
I0914 09:48:23.627923 56623 user_dictionary.cc:345] resume key reset to:
I0914 09:48:23.627948 56623 user_dictionary.cc:317] key : scq   请, value: c=14 d=3.7707 t=4393
I0914 09:48:23.627981 56623 user_dictionary.cc:492] text = '请', code_len = 0, weight = -3.69669, commit_count = 14, present_tick = 4399
I0914 09:48:23.628002 56623 user_dictionary.cc:345] resume key reset to: se     辛
I0914 09:48:23.628012 56623 table_translator.cc:168] all user dict entries obtained.
I0914 09:48:23.628020 56623 table_translator.cc:181] fetching more table entries: limit = 10, count = 0
I0914 09:48:23.628027 56623 dictionary.cc:197] lookup: sc
I0914 09:48:23.628039 56623 dictionary.cc:210] found 10 matching keys thru the prism.
I0914 09:48:23.628048 56623 dictionary.cc:227] remaining code:
I0914 09:48:23.628059 56623 dictionary.cc:227] remaining code: e
I0914 09:48:23.628069 56623 dictionary.cc:227] remaining code: f
I0914 09:48:23.628078 56623 dictionary.cc:227] remaining code: h
I0914 09:48:23.628087 56623 dictionary.cc:227] remaining code: i
I0914 09:48:23.628098 56623 dictionary.cc:227] remaining code: k
I0914 09:48:23.628106 56623 dictionary.cc:227] remaining code: q
I0914 09:48:23.628115 56623 dictionary.cc:227] remaining code: u
I0914 09:48:23.628124 56623 dictionary.cc:227] remaining code: v
I0914 09:48:23.628134 56623 dictionary.cc:227] remaining code: w
I0914 09:48:23.628144 56623 dictionary.cc:85] creating temporary dict entry '主'.
I0914 09:48:23.628159 56623 dictionary.cc:85] creating temporary dict entry '主'.
I0914 09:48:23.628168 56623 menu.cc:22] 2 translations added.
I0914 09:48:23.628176 56623 table_translator.cc:243] input = 'sc', [0, 2)
I0914 09:48:23.628185 56623 table_translator.cc:181] fetching more table entries: limit = 10, count = 0
I0914 09:48:23.628193 56623 dictionary.cc:197] lookup: sc
I0914 09:48:23.628211 56623 dictionary.cc:210] found 10 matching keys thru the prism.
I0914 09:48:23.628224 56623 dictionary.cc:227] remaining code: ad
I0914 09:48:23.628234 56623 dictionary.cc:227] remaining code: ae
I0914 09:48:23.628243 56623 dictionary.cc:227] remaining code: az
I0914 09:48:23.628253 56623 dictionary.cc:227] remaining code: ba
I0914 09:48:23.628262 56623 dictionary.cc:227] remaining code: bg
I0914 09:48:23.628271 56623 dictionary.cc:227] remaining code: bk
I0914 09:48:23.628280 56623 dictionary.cc:227] remaining code: bm
I0914 09:48:23.628288 56623 dictionary.cc:227] remaining code: by
I0914 09:48:23.628298 56623 dictionary.cc:227] remaining code: bz
I0914 09:48:23.628307 56623 dictionary.cc:227] remaining code: da
I0914 09:48:23.628316 56623 menu.cc:22] 3 translations added.
I0914 09:48:23.628324 56623 table_translator.cc:243] input = 'sc', [0, 2)
I0914 09:48:23.628346 56623 user_dictionary.cc:317] key : scq   请, value: c=14 d=3.7707 t=4393
I0914 09:48:23.628355 56623 user_dictionary.cc:345] resume key reset to:
I0914 09:48:23.628443 56623 user_dictionary.cc:317] key : encscfk       请查, value: c=0 d=0.0509156 t=4393
I0914 09:48:23.628468 56623 user_dictionary.cc:317] key : scq   请, value: c=14 d=3.7707 t=4393
I0914 09:48:23.628487 56623 user_dictionary.cc:492] text = '请', code_len = 0, weight = -3.69669, commit_count = 14, present_tick = 4399
I0914 09:48:23.628501 56623 user_dictionary.cc:345] resume key reset to: se     辛
I0914 09:48:23.628511 56623 table_translator.cc:168] all user dict entries obtained.
I0914 09:48:23.628518 56623 table_translator.cc:181] fetching more table entries: limit = 10, count = 0
I0914 09:48:23.628541 56623 dictionary.cc:197] lookup: sc
I0914 09:48:23.628556 56623 dictionary.cc:210] found 10 matching keys thru the prism.
I0914 09:48:23.628564 56623 dictionary.cc:227] remaining code:
I0914 09:48:23.628576 56623 dictionary.cc:227] remaining code: e
I0914 09:48:23.628585 56623 dictionary.cc:227] remaining code: f
I0914 09:48:23.628594 56623 dictionary.cc:227] remaining code: h
I0914 09:48:23.628603 56623 dictionary.cc:227] remaining code: i
I0914 09:48:23.628612 56623 dictionary.cc:227] remaining code: k
I0914 09:48:23.628621 56623 dictionary.cc:227] remaining code: q
I0914 09:48:23.628629 56623 dictionary.cc:227] remaining code: u
I0914 09:48:23.628638 56623 dictionary.cc:227] remaining code: v
I0914 09:48:23.628648 56623 dictionary.cc:227] remaining code: w
I0914 09:48:23.628657 56623 menu.cc:22] 4 translations added.
I0914 09:48:23.628698 56623 menu.cc:30] preparing 1 candidates.
I0914 09:48:23.628710 56623 dictionary.cc:85] creating temporary dict entry '誀'.
I0914 09:48:23.628690 56623 engine.cc:159] composition: {abc}sc=>主
I0914 09:48:23.628767 56623 menu.cc:30] preparing 5 candidates.
I0914 09:48:23.628778 56623 dictionary.cc:85] creating temporary dict entry '䛶'.
I0914 09:48:23.628849 56623 dictionary.cc:85] creating temporary dict entry '䛫'.
I0914 09:48:23.628895 56623 dictionary.cc:85] creating temporary dict entry '𧉶'.
I0914 09:48:23.628937 56623 dictionary.cc:85] creating temporary dict entry '𧥹'.
I0914 09:48:23.628976 56623 dictionary.cc:85] creating temporary dict entry '诔'.
I0914 09:48:23.628994 56623 dictionary.cc:85] creating temporary dict entry '誄'.
I0914 09:48:23.629010 56623 dictionary.cc:85] creating temporary dict entry '请'.
I0914 09:48:23.629026 56623 dictionary.cc:85] creating temporary dict entry '𧪨'.
I0914 09:48:23.629067 56623 dictionary.cc:85] creating temporary dict entry '主'.
I0914 09:48:23.629079 56623 dictionary.cc:85] creating temporary dict entry '迬'.
I0914 09:48:23.629099 56623 config_component.cc:104] read: menu/alternative_select_labels
I0914 09:48:23.629108 56623 config_data.cc:223] traverse: menu/alternative_select_labels
I0914 09:48:23.733057 56623 engine.cc:99] process key: Release+c
I0914 09:48:23.733101 56623 shape.cc:40] shape_processor: Release+c
I0914 09:48:23.733152 56623 config_component.cc:104] read: menu/alternative_select_labels
I0914 09:48:23.733161 56623 config_data.cc:223] traverse: menu/alternative_select_labels
I0914 09:48:23.813374 56623 engine.cc:99] process key: k
I0914 09:48:23.813414 56623 recognizer.cc:45] matching active input 'sck' at pos 0
I0914 09:48:23.813444 56623 speller.cc:120] add to input: 'k', k
I0914 09:48:23.813462 56623 engine.cc:150] active input: sck
I0914 09:48:23.813470 56623 segmentation.cc:60] reset to 1 segments.
I0914 09:48:23.813478 56623 segmentation.cc:67] diff pos: 2
I0914 09:48:23.813486 56623 engine.cc:166] start pos: 0
I0914 09:48:23.813493 56623 engine.cc:167] end pos: 2
I0914 09:48:23.813503 56623 recognizer.cc:45] matching active input 'sck' at pos 0
I0914 09:48:23.813519 56623 abc_segmentor.cc:41] abc_segmentor: sck
I0914 09:48:23.813527 56623 abc_segmentor.cc:59] [0, 3)
I0914 09:48:23.813573 56623 fallback_segmentor.cc:19] current segment length: 3
I0914 09:48:23.813582 56623 engine.cc:173] segmentation: [sck|0,3{abc}]
I0914 09:48:23.813591 56623 engine.cc:199] translating segment: sck
I0914 09:48:23.813601 56623 table_translator.cc:243] input = 'sck', [0, 3)
I0914 09:48:23.813614 56623 table_translator.cc:181] fetching more table entries: limit = 10, count = 0
I0914 09:48:23.813622 56623 dictionary.cc:197] lookup: sck
I0914 09:48:23.813635 56623 dictionary.cc:210] found 1 matching keys thru the prism.
I0914 09:48:23.813647 56623 dictionary.cc:227] remaining code:
I0914 09:48:23.813657 56623 table_translator.cc:185] all table entries obtained.
I0914 09:48:23.813666 56623 menu.cc:22] 1 translations added.
I0914 09:48:23.813674 56623 table_translator.cc:243] input = 'sck', [0, 3)
I0914 09:48:23.813731 56623 table_translator.cc:168] all user dict entries obtained.
I0914 09:48:23.813740 56623 table_translator.cc:181] fetching more table entries: limit = 10, count = 0
I0914 09:48:23.813778 56623 dictionary.cc:197] lookup: sck
I0914 09:48:23.813788 56623 dictionary.cc:210] found 1 matching keys thru the prism.
I0914 09:48:23.813796 56623 dictionary.cc:227] remaining code:
I0914 09:48:23.813804 56623 table_translator.cc:185] all table entries obtained.
I0914 09:48:23.813814 56623 dictionary.cc:85] creating temporary dict entry '诔'.
I0914 09:48:23.813833 56623 dictionary.cc:85] creating temporary dict entry '诔'.
I0914 09:48:23.813843 56623 menu.cc:22] 2 translations added.
I0914 09:48:23.813851 56623 table_translator.cc:243] input = 'sck', [0, 3)
I0914 09:48:23.813860 56623 table_translator.cc:181] fetching more table entries: limit = 10, count = 0
I0914 09:48:23.813868 56623 dictionary.cc:197] lookup: sck
I0914 09:48:23.813885 56623 dictionary.cc:210] found 5 matching keys thru the prism.
I0914 09:48:23.813899 56623 dictionary.cc:227] remaining code: a
I0914 09:48:23.813908 56623 dictionary.cc:227] remaining code: l
I0914 09:48:23.813917 56623 dictionary.cc:227] remaining code: s
I0914 09:48:23.813926 56623 dictionary.cc:227] remaining code: u
I0914 09:48:23.813935 56623 dictionary.cc:227] remaining code: w
I0914 09:48:23.813942 56623 table_translator.cc:185] all table entries obtained.
I0914 09:48:23.813951 56623 menu.cc:22] 3 translations added.
I0914 09:48:23.813958 56623 table_translator.cc:243] input = 'sck', [0, 3)
I0914 09:48:23.814033 56623 table_translator.cc:168] all user dict entries obtained.
I0914 09:48:23.814041 56623 table_translator.cc:181] fetching more table entries: limit = 10, count = 0
I0914 09:48:23.814049 56623 dictionary.cc:197] lookup: sck
I0914 09:48:23.814059 56623 dictionary.cc:210] found 1 matching keys thru the prism.
I0914 09:48:23.814066 56623 dictionary.cc:227] remaining code:
I0914 09:48:23.814074 56623 table_translator.cc:185] all table entries obtained.
I0914 09:48:23.814082 56623 menu.cc:22] 4 translations added.
I0914 09:48:23.814123 56623 menu.cc:30] preparing 1 candidates.
I0914 09:48:23.814134 56623 dictionary.cc:85] creating temporary dict entry '誄'.
I0914 09:48:23.814116 56623 engine.cc:159] composition: {abc}sck=>诔
I0914 09:48:23.814189 56623 menu.cc:30] preparing 5 candidates.
I0914 09:48:23.814200 56623 translation.cc:126] translation #0 has been exhausted.
I0914 09:48:23.814211 56623 dictionary.cc:85] creating temporary dict entry '主题'.
I0914 09:48:23.814234 56623 dictionary.cc:85] creating temporary dict entry '誄'.
I0914 09:48:23.814251 56623 translation.cc:126] translation #0 has been exhausted.
I0914 09:48:23.814260 56623 dictionary.cc:85] creating temporary dict entry '诔'.
I0914 09:48:23.814275 56623 dictionary.cc:85] creating temporary dict entry '主帅'.
I0914 09:48:23.814291 56623 dictionary.cc:85] creating temporary dict entry '新泰市'.
I0914 09:48:23.814313 56623 dictionary.cc:85] creating temporary dict entry '主业'.
I0914 09:48:23.814335 56623 config_component.cc:104] read: menu/alternative_select_labels
I0914 09:48:23.814344 56623 config_data.cc:223] traverse: menu/alternative_select_labels
I0914 09:48:23.883122 56623 engine.cc:99] process key: Release+k
I0914 09:48:23.883167 56623 shape.cc:40] shape_processor: Release+k
I0914 09:48:23.883216 56623 config_component.cc:104] read: menu/alternative_select_labels
I0914 09:48:23.883225 56623 config_data.cc:223] traverse: menu/alternative_select_labels
I0914 09:48:23.919553 56623 engine.cc:99] process key: a
I0914 09:48:23.919596 56623 recognizer.cc:45] matching active input 'scka' at pos 0
I0914 09:48:23.919631 56623 speller.cc:120] add to input: 'a', a
I0914 09:48:23.919651 56623 engine.cc:150] active input: scka
I0914 09:48:23.919659 56623 segmentation.cc:60] reset to 1 segments.
I0914 09:48:23.919668 56623 segmentation.cc:67] diff pos: 3
I0914 09:48:23.919677 56623 engine.cc:166] start pos: 0
I0914 09:48:23.919687 56623 engine.cc:167] end pos: 3
I0914 09:48:23.919697 56623 recognizer.cc:45] matching active input 'scka' at pos 0
I0914 09:48:23.919714 56623 abc_segmentor.cc:41] abc_segmentor: scka
I0914 09:48:23.919757 56623 abc_segmentor.cc:59] [0, 4)
I0914 09:48:23.919800 56623 fallback_segmentor.cc:19] current segment length: 4
I0914 09:48:23.919811 56623 engine.cc:173] segmentation: [scka|0,4{abc}]
I0914 09:48:23.919821 56623 engine.cc:199] translating segment: scka
I0914 09:48:23.919832 56623 table_translator.cc:243] input = 'scka', [0, 4)
I0914 09:48:23.919847 56623 table_translator.cc:181] fetching more table entries: limit = 10, count = 0
I0914 09:48:23.919857 56623 dictionary.cc:197] lookup: scka
I0914 09:48:23.919868 56623 dictionary.cc:210] found 0 matching keys thru the prism.
I0914 09:48:23.919876 56623 table_translator.cc:185] all table entries obtained.
I0914 09:48:23.919888 56623 engine.cc:206] Oops, got a futile translation.
I0914 09:48:23.919896 56623 table_translator.cc:243] input = 'scka', [0, 4)
I0914 09:48:23.919960 56623 table_translator.cc:168] all user dict entries obtained.
I0914 09:48:23.919970 56623 table_translator.cc:181] fetching more table entries: limit = 10, count = 0
I0914 09:48:23.919979 56623 dictionary.cc:197] lookup: scka
I0914 09:48:23.919987 56623 dictionary.cc:210] found 0 matching keys thru the prism.
I0914 09:48:23.919996 56623 table_translator.cc:185] all table entries obtained.
I0914 09:48:23.920004 56623 engine.cc:206] Oops, got a futile translation.
I0914 09:48:23.920013 56623 table_translator.cc:243] input = 'scka', [0, 4)
I0914 09:48:23.920022 56623 table_translator.cc:181] fetching more table entries: limit = 10, count = 0
I0914 09:48:23.920032 56623 dictionary.cc:197] lookup: scka
I0914 09:48:23.920044 56623 dictionary.cc:210] found 1 matching keys thru the prism.
I0914 09:48:23.920058 56623 dictionary.cc:227] remaining code:
I0914 09:48:23.920068 56623 table_translator.cc:185] all table entries obtained.
I0914 09:48:23.920078 56623 menu.cc:22] 1 translations added.
I0914 09:48:23.920086 56623 table_translator.cc:243] input = 'scka', [0, 4)
I0914 09:48:23.920166 56623 table_translator.cc:168] all user dict entries obtained.
I0914 09:48:23.920176 56623 table_translator.cc:181] fetching more table entries: limit = 10, count = 0
I0914 09:48:23.920184 56623 dictionary.cc:197] lookup: scka
I0914 09:48:23.920193 56623 dictionary.cc:210] found 0 matching keys thru the prism.
I0914 09:48:23.920202 56623 table_translator.cc:185] all table entries obtained.
I0914 09:48:23.920210 56623 engine.cc:206] Oops, got a futile translation.
I0914 09:48:23.920225 56623 dictionary.cc:85] creating temporary dict entry '主题'.
I0914 09:48:23.920281 56623 menu.cc:30] preparing 1 candidates.
I0914 09:48:23.920294 56623 translation.cc:126] translation #0 has been exhausted.
I0914 09:48:23.920272 56623 engine.cc:159] composition: {abc}scka=>主题
I0914 09:48:23.920346 56623 config_component.cc:104] read: menu/alternative_select_labels
I0914 09:48:23.920356 56623 config_data.cc:223] traverse: menu/alternative_select_labels
I0914 09:48:24.001219 56623 engine.cc:99] process key: Release+a
I0914 09:48:24.001262 56623 shape.cc:40] shape_processor: Release+a
I0914 09:48:24.001307 56623 config_component.cc:104] read: menu/alternative_select_labels
I0914 09:48:24.001317 56623 config_data.cc:223] traverse: menu/alternative_select_labels
I0914 09:48:27.523465 56623 engine.cc:99] process key: space
I0914 09:48:27.523514 56623 context.cc:145] Confirmed: '主题', selected_index = 0
I0914 09:48:27.523535 56623 engine.cc:225] applying formatters.
I0914 09:48:27.523545 56623 engine.cc:242] committing composition: 主题
I0914 09:48:27.523568 56623 memory.cc:44] memorize commit entry: 主题
I0914 09:48:27.523617 56623 level_db.cc:196] update db entry: /tick => 4399
I0914 09:48:27.523653 56623 level_db.cc:196] update db entry: zsgs      主题 => c=14 d=11.512 t=4399
I0914 09:48:27.523720 56623 memory.cc:44] memorize commit entry: 主题
I0914 09:48:27.523746 56623 level_db.cc:196] update db entry: /tick => 4399
I0914 09:48:27.523767 56623 level_db.cc:196] update db entry: zsgs      主题 => c=15 d=12.4546 t=4399
I0914 09:48:27.523775 56623 table_translator.cc:338] history:
